<?xml version="1.0" encoding="UTF-8"?>
<testsuite name="GradleHibernate.LibraryTest" tests="1" skipped="0" failures="0" errors="0" timestamp="2019-05-28T07:56:32" hostname="localhost.localdomain" time="0.002">
  <properties/>
  <testcase name="testSomeLibraryMethod" classname="GradleHibernate.LibraryTest" time="0.002"/>
  <system-out><![CDATA[]]></system-out>
  <system-err><![CDATA[]]></system-err>
</testsuite>
